<?xml version="1.0" encoding="UTF-8"?>
<testsuite name="com.example.modules.UserRoutingTest" tests="1" skipped="0" failures="1" errors="0" timestamp="2024-03-21T17:04:32" hostname="pop-os" time="1.232">
  <properties/>
  <testcase name="testCreateUser_Success" classname="com.example.modules.UserRoutingTest" time="1.232">
    <failure message="java.lang.AssertionError: expected:&lt;201 Created&gt; but was:&lt;415 Unsupported Media Type&gt;" type="java.lang.AssertionError">java.lang.AssertionError: expected:&lt;201 Created&gt; but was:&lt;415 Unsupported Media Type&gt;
	at org.junit.Assert.fail(Assert.java:89)
	at org.junit.Assert.failNotEquals(Assert.java:835)
	at org.junit.Assert.assertEquals(Assert.java:120)
	at kotlin.test.junit.JUnitAsserter.assertEquals(JUnitSupport.kt:32)
	at kotlin.test.AssertionsKt__AssertionsKt.assertEquals(Assertions.kt:63)
	at kotlin.test.AssertionsKt.assertEquals(Unknown Source)
	at kotlin.test.AssertionsKt__AssertionsKt.assertEquals$default(Assertions.kt:62)
	at kotlin.test.AssertionsKt.assertEquals$default(Unknown Source)
	at com.example.modules.UserRoutingTest$testCreateUser_Success$3.invoke(UserRoutingTest.kt:59)
	at com.example.modules.UserRoutingTest$testCreateUser_Success$3.invoke(UserRoutingTest.kt:52)
	at io.ktor.server.testing.TestEngineKt$withTestApplication$1.invoke(TestEngine.kt:77)
	at io.ktor.server.testing.TestEngineKt$withTestApplication$1.invoke(TestEngine.kt:75)
	at io.ktor.server.testing.TestEngineKt.withApplication(TestEngine.kt:56)
	at io.ktor.server.testing.TestEngineKt.withApplication$default(TestEngine.kt:48)
	at io.ktor.server.testing.TestEngineKt.withTestApplication(TestEngine.kt:75)
	at com.example.modules.UserRoutingTest.testCreateUser_Success(UserRoutingTest.kt:52)
	at java.base/jdk.internal.reflect.NativeMethodAccessorImpl.invoke0(Native Method)
	at java.base/jdk.internal.reflect.NativeMethodAccessorImpl.invoke(NativeMethodAccessorImpl.java:77)
	at java.base/jdk.internal.reflect.DelegatingMethodAccessorImpl.invoke(DelegatingMethodAccessorImpl.java:43)
	at java.base/java.lang.reflect.Method.invoke(Method.java:568)
	at org.junit.runners.model.FrameworkMethod$1.runReflectiveCall(FrameworkMethod.java:59)
	at org.junit.internal.runners.model.ReflectiveCallable.run(ReflectiveCallable.java:12)
	at org.junit.runners.model.FrameworkMethod.invokeExplosively(FrameworkMethod.java:56)
	at org.junit.internal.runners.statements.InvokeMethod.evaluate(InvokeMethod.java:17)
	at org.junit.runners.ParentRunner$3.evaluate(ParentRunner.java:306)
	at org.junit.runners.BlockJUnit4ClassRunner$1.evaluate(BlockJUnit4ClassRunner.java:100)
	at org.junit.runners.ParentRunner.runLeaf(ParentRunner.java:366)
	at org.junit.runners.BlockJUnit4ClassRunner.runChild(BlockJUnit4ClassRunner.java:103)
	at org.junit.runners.BlockJUnit4ClassRunner.runChild(BlockJUnit4ClassRunner.java:63)
	at org.junit.runners.ParentRunner$4.run(ParentRunner.java:331)
	at org.junit.runners.ParentRunner$1.schedule(ParentRunner.java:79)
	at org.junit.runners.ParentRunner.runChildren(ParentRunner.java:329)
	at org.junit.runners.ParentRunner.access$100(ParentRunner.java:66)
	at org.junit.runners.ParentRunner$2.evaluate(ParentRunner.java:293)
	at org.junit.runners.ParentRunner$3.evaluate(ParentRunner.java:306)
	at org.junit.runners.ParentRunner.run(ParentRunner.java:413)
	at org.gradle.api.internal.tasks.testing.junit.JUnitTestClassExecutor.runTestClass(JUnitTestClassExecutor.java:112)
	at org.gradle.api.internal.tasks.testing.junit.JUnitTestClassExecutor.execute(JUnitTestClassExecutor.java:58)
	at org.gradle.api.internal.tasks.testing.junit.JUnitTestClassExecutor.execute(JUnitTestClassExecutor.java:40)
	at org.gradle.api.internal.tasks.testing.junit.AbstractJUnitTestClassProcessor.processTestClass(AbstractJUnitTestClassProcessor.java:60)
	at org.gradle.api.internal.tasks.testing.SuiteTestClassProcessor.processTestClass(SuiteTestClassProcessor.java:52)
	at java.base/jdk.internal.reflect.NativeMethodAccessorImpl.invoke0(Native Method)
	at java.base/jdk.internal.reflect.NativeMethodAccessorImpl.invoke(NativeMethodAccessorImpl.java:77)
	at java.base/jdk.internal.reflect.DelegatingMethodAccessorImpl.invoke(DelegatingMethodAccessorImpl.java:43)
	at java.base/java.lang.reflect.Method.invoke(Method.java:568)
	at org.gradle.internal.dispatch.ReflectionDispatch.dispatch(ReflectionDispatch.java:36)
	at org.gradle.internal.dispatch.ReflectionDispatch.dispatch(ReflectionDispatch.java:24)
	at org.gradle.internal.dispatch.ContextClassLoaderDispatch.dispatch(ContextClassLoaderDispatch.java:33)
	at org.gradle.internal.dispatch.ProxyDispatchAdapter$DispatchingInvocationHandler.invoke(ProxyDispatchAdapter.java:94)
	at jdk.proxy1/jdk.proxy1.$Proxy2.processTestClass(Unknown Source)
	at org.gradle.api.internal.tasks.testing.worker.TestWorker$2.run(TestWorker.java:176)
	at org.gradle.api.internal.tasks.testing.worker.TestWorker.executeAndMaintainThreadName(TestWorker.java:129)
	at org.gradle.api.internal.tasks.testing.worker.TestWorker.execute(TestWorker.java:100)
	at org.gradle.api.internal.tasks.testing.worker.TestWorker.execute(TestWorker.java:60)
	at org.gradle.process.internal.worker.child.ActionExecutionWorker.execute(ActionExecutionWorker.java:56)
	at org.gradle.process.internal.worker.child.SystemApplicationClassLoaderWorker.call(SystemApplicationClassLoaderWorker.java:113)
	at org.gradle.process.internal.worker.child.SystemApplicationClassLoaderWorker.call(SystemApplicationClassLoaderWorker.java:65)
	at worker.org.gradle.process.internal.worker.GradleWorkerMain.run(GradleWorkerMain.java:69)
	at worker.org.gradle.process.internal.worker.GradleWorkerMain.main(GradleWorkerMain.java:74)
</failure>
  </testcase>
  <system-out><![CDATA[2024-03-21 14:04:33.451 [Test worker] INFO  ktor.test - No ktor.deployment.watch patterns specified, automatic reload is not active.
2024-03-21 14:04:33.461 [Test worker] INFO  ktor.test - Application started in 0.043 seconds.
2024-03-21 14:04:33.465 [DefaultDispatcher-worker-1 @coroutine#3] INFO  ktor.test - Responding at http://localhost:80
2024-03-21 14:04:33.465 [DefaultDispatcher-worker-1 @coroutine#3] INFO  ktor.test - Responding at https://localhost:443
2024-03-21 14:04:33.539 [DefaultDispatcher-worker-1 @request#5] TRACE io.ktor.routing.Routing - Trace for [users]
/, segment:0 -> SUCCESS @ /
  /users, segment:1 -> SUCCESS @ /users
    /users/{id}, segment:1 -> FAILURE "Selector didn't match" @ /users/{id}
    /users/(method:POST), segment:1 -> SUCCESS @ /users/(method:POST)
Matched routes:
  "" -> "users" -> "(method:POST)"
Route resolve result:
  SUCCESS @ /users/(method:POST)
2024-03-21 14:04:33.548 [DefaultDispatcher-worker-1 @request#5] TRACE i.k.server.engine.DefaultTransform - No Default Transformations found for class io.ktor.utils.io.ByteBufferChannel and expected type TypeInfo(type=class com.example.domain.helpers.requests.UserRequest, reifiedType=class com.example.domain.helpers.requests.UserRequest, kotlinType=com.example.domain.helpers.requests.UserRequest) for call /users
]]></system-out>
  <system-err><![CDATA[]]></system-err>
</testsuite>
